#
# A fatal error has been detected by the Java Runtime Environment:
#
#  Internal Error (javaClasses.cpp:136), pid=5276, tid=6348
#  fatal error: Invalid layout of preloaded class
#
# JRE version:  (7.0_60-b19) (build )
# Java VM: Java HotSpot(TM) 64-Bit Server VM (24.60-b09 mixed mode windows-amd64 compressed oops)
# Failed to write core dump. Minidumps are not enabled by default on client versions of Windows
#
# If you would like to submit a bug report, please visit:
#   http://bugreport.sun.com/bugreport/crash.jsp
#

---------------  T H R E A D  ---------------

Current thread (0x0000000002c3e000):  JavaThread "Unknown thread" [_thread_in_vm, id=6348, stack(0x00000000028e0000,0x00000000029e0000)]

Stack: [0x00000000028e0000,0x00000000029e0000]
[error occurred during error reporting (printing stack bounds), id 0xc0000005]


---------------  P R O C E S S  ---------------

Java Threads: ( => current thread )

Other Threads:

=>0x0000000002c3e000 (exited) JavaThread "Unknown thread" [_thread_in_vm, id=6348, stack(0x00000000028e0000,0x00000000029e0000)]

VM state:not at safepoint (not fully initialized)

VM Mutex/Monitor currently owned by a thread: None

GC Heap History (0 events):
No events

Deoptimization events (0 events):
No events

Internal exceptions (0 events):
No events

Events (10 events):
Event: 0.015 loading class 0x0000000002aa5f70 done
Event: 0.015 loading class 0x0000000002aa5990 done
Event: 0.015 loading class 0x0000000002aa5970
Event: 0.015 loading class 0x0000000002aadac0
Event: 0.015 loading class 0x0000000002aadac0 done
Event: 0.015 loading class 0x0000000002aadaf0
Event: 0.015 loading class 0x0000000002aadaf0 done
Event: 0.015 loading class 0x0000000002aadb20
Event: 0.015 loading class 0x0000000002aadb20 done
Event: 0.015 loading class 0x0000000002aa5970 done


Dynamic libraries:
0x00007ff799110000 - 0x00007ff799143000 	C:\Program Files\Java\jre7\bin\javaw.exe
0x00007ffba1c80000 - 0x00007ffba1e2a000 	C:\WINDOWS\SYSTEM32\ntdll.dll
0x00007ffb9f690000 - 0x00007ffb9f7ca000 	C:\WINDOWS\system32\KERNEL32.DLL
0x00007ffb9f0c0000 - 0x00007ffb9f1cf000 	C:\WINDOWS\system32\KERNELBASE.dll
0x00007ffb9dc20000 - 0x00007ffb9dca8000 	C:\WINDOWS\system32\apphelp.dll
0x00007ffb97630000 - 0x00007ffb9767f000 	C:\WINDOWS\AppPatch\AppPatch64\AcGenral.DLL
0x00007ffba18f0000 - 0x00007ffba1997000 	C:\WINDOWS\system32\msvcrt.dll
0x00007ffb9eea0000 - 0x00007ffb9eecb000 	C:\WINDOWS\SYSTEM32\SspiCli.dll
0x00007ffb9f7d0000 - 0x00007ffb9f821000 	C:\WINDOWS\system32\SHLWAPI.dll
0x00007ffba1b00000 - 0x00007ffba1c71000 	C:\WINDOWS\system32\USER32.dll
0x00007ffb9f510000 - 0x00007ffb9f688000 	C:\WINDOWS\system32\ole32.dll
0x00007ffba02e0000 - 0x00007ffba1700000 	C:\WINDOWS\system32\SHELL32.dll
0x00007ffb9e600000 - 0x00007ffb9e61e000 	C:\WINDOWS\SYSTEM32\USERENV.dll
0x00007ffb9ff30000 - 0x00007ffb9ffd5000 	C:\WINDOWS\system32\ADVAPI32.dll
0x00007ffb97cd0000 - 0x00007ffb97ceb000 	C:\WINDOWS\SYSTEM32\MPR.dll
0x00007ffba19c0000 - 0x00007ffba1af6000 	C:\WINDOWS\system32\RPCRT4.dll
0x00007ffb9ffe0000 - 0x00007ffba0037000 	C:\WINDOWS\SYSTEM32\sechost.dll
0x00007ffba1700000 - 0x00007ffba18d6000 	C:\WINDOWS\SYSTEM32\combase.dll
0x00007ffb9f9a0000 - 0x00007ffb9fae4000 	C:\WINDOWS\system32\GDI32.dll
0x00007ffb9eff0000 - 0x00007ffb9f004000 	C:\WINDOWS\SYSTEM32\profapi.dll
0x00007ffb9d720000 - 0x00007ffb9d7bf000 	C:\WINDOWS\SYSTEM32\SHCORE.dll
0x00007ffb9f960000 - 0x00007ffb9f994000 	C:\WINDOWS\system32\IMM32.DLL
0x00007ffb9fbb0000 - 0x00007ffb9fce9000 	C:\WINDOWS\system32\MSCTF.dll
0x00007ffb9cd90000 - 0x00007ffb9cfea000 	C:\WINDOWS\WinSxS\amd64_microsoft.windows.common-controls_6595b64144ccf1df_6.0.9600.17031_none_6242a4b3ecbb55a1\COMCTL32.dll
0x000000006ee00000 - 0x000000006eed2000 	C:\Program Files\Java\jre7\bin\msvcr100.dll
0x0000000070080000 - 0x0000000070852000 	C:\Program Files\Java\jre7\bin\server\jvm.dll
0x00007ffb97d40000 - 0x00007ffb97d49000 	C:\WINDOWS\SYSTEM32\WSOCK32.dll
0x00007ffb98f30000 - 0x00007ffb98f4f000 	C:\WINDOWS\SYSTEM32\WINMM.dll
0x00007ffb9f830000 - 0x00007ffb9f837000 	C:\WINDOWS\system32\PSAPI.DLL
0x00007ffba00a0000 - 0x00007ffba00f8000 	C:\WINDOWS\system32\WS2_32.dll
0x00007ffb98ee0000 - 0x00007ffb98f0a000 	C:\WINDOWS\SYSTEM32\WINMMBASE.dll
0x00007ffb9f8f0000 - 0x00007ffb9f8f9000 	C:\WINDOWS\system32\NSI.dll
0x00007ffb9f3b0000 - 0x00007ffb9f3fa000 	C:\WINDOWS\SYSTEM32\cfgmgr32.dll
0x00007ffb9de70000 - 0x00007ffb9de96000 	C:\WINDOWS\SYSTEM32\DEVOBJ.dll
0x000000006ffe0000 - 0x000000006ffef000 	C:\Program Files\Java\jre7\bin\verify.dll
0x000000006ffb0000 - 0x000000006ffd8000 	C:\Program Files\Java\jre7\bin\java.dll
0x000000006ff90000 - 0x000000006ffa5000 	C:\Program Files\Java\jre7\bin\zip.dll

VM Arguments:
jvm_args: -Dfile.encoding=Cp1252 -Xbootclasspath:E:\lifetimes technology\adt-bundle-windows-x86_64-20140321\adt-bundle-windows-x86_64-20140321\sdk\platforms\android-17\android.jar 
java_command: com.googleplusfull.PlusSample
Launcher Type: SUN_STANDARD

Environment Variables:
JAVA_HOME="C:\Program Files\Java\jdk1.7.0_21"
PATH=