#
# A fatal error has been detected by the Java Runtime Environment:
#
#  Internal Error (javaClasses.cpp:136), pid=2544, tid=2924
#  fatal error: Invalid layout of preloaded class
#
# JRE version:  (7.0_60-b19) (build )
# Java VM: Java HotSpot(TM) 64-Bit Server VM (24.60-b09 mixed mode windows-amd64 compressed oops)
# Failed to write core dump. Minidumps are not enabled by default on client versions of Windows
#
# If you would like to submit a bug report, please visit:
#   http://bugreport.sun.com/bugreport/crash.jsp
#

---------------  T H R E A D  ---------------

Current thread (0x0000000001b3e000):  JavaThread "Unknown thread" [_thread_in_vm, id=2924, stack(0x0000000001b40000,0x0000000001c40000)]

Stack: [0x0000000001b40000,0x0000000001c40000]
[error occurred during error reporting (printing stack bounds), id 0xc0000005]


---------------  P R O C E S S  ---------------

Java Threads: ( => current thread )

Other Threads:

=>0x0000000001b3e000 (exited) JavaThread "Unknown thread" [_thread_in_vm, id=2924, stack(0x0000000001b40000,0x0000000001c40000)]

VM state:not at safepoint (not fully initialized)

VM Mutex/Monitor currently owned by a thread: None

GC Heap History (0 events):
No events

Deoptimization events (0 events):
No events

Internal exceptions (0 events):
No events

Events (10 events):
Event: 0.331 loading class 0x0000000001c85de0 done
Event: 0.331 loading class 0x0000000001c85800 done
Event: 0.331 loading class 0x0000000001c857e0
Event: 0.332 loading class 0x0000000001c8d930
Event: 0.355 loading class 0x0000000001c8d930 done
Event: 0.355 loading class 0x0000000001c8d960
Event: 0.355 loading class 0x0000000001c8d960 done
Event: 0.355 loading class 0x0000000001c8d990
Event: 0.356 loading class 0x0000000001c8d990 done
Event: 0.356 loading class 0x0000000001c857e0 done


Dynamic libraries:
0x00007ff69eda0000 - 0x00007ff69edd3000 	C:\Program Files\Java\jre7\bin\javaw.exe
0x00007ffaa7500000 - 0x00007ffaa76aa000 	C:\WINDOWS\SYSTEM32\ntdll.dll
0x00007ffaa5b80000 - 0x00007ffaa5cba000 	C:\WINDOWS\system32\KERNEL32.DLL
0x00007ffaa4940000 - 0x00007ffaa4a4f000 	C:\WINDOWS\system32\KERNELBASE.dll
0x00007ffaa34a0000 - 0x00007ffaa3528000 	C:\WINDOWS\system32\apphelp.dll
0x00007ffa9b080000 - 0x00007ffa9b0cf000 	C:\WINDOWS\AppPatch\AppPatch64\AcGenral.DLL
0x00007ffaa5cc0000 - 0x00007ffaa5d67000 	C:\WINDOWS\system32\msvcrt.dll
0x00007ffaa4720000 - 0x00007ffaa474b000 	C:\WINDOWS\SYSTEM32\SspiCli.dll
0x00007ffaa4f50000 - 0x00007ffaa4fa1000 	C:\WINDOWS\system32\SHLWAPI.dll
0x00007ffaa5860000 - 0x00007ffaa59d1000 	C:\WINDOWS\system32\USER32.dll
0x00007ffaa7380000 - 0x00007ffaa74f8000 	C:\WINDOWS\system32\ole32.dll
0x00007ffaa5de0000 - 0x00007ffaa7200000 	C:\WINDOWS\system32\SHELL32.dll
0x00007ffaa3e80000 - 0x00007ffaa3e9e000 	C:\WINDOWS\SYSTEM32\USERENV.dll
0x00007ffaa5200000 - 0x00007ffaa52a5000 	C:\WINDOWS\system32\ADVAPI32.dll
0x00007ffa9d480000 - 0x00007ffa9d49b000 	C:\WINDOWS\SYSTEM32\MPR.dll
0x00007ffaa7240000 - 0x00007ffaa7376000 	C:\WINDOWS\system32\RPCRT4.dll
0x00007ffaa4ed0000 - 0x00007ffaa4f27000 	C:\WINDOWS\SYSTEM32\sechost.dll
0x00007ffaa5480000 - 0x00007ffaa5656000 	C:\WINDOWS\SYSTEM32\combase.dll
0x00007ffaa4d80000 - 0x00007ffaa4ec4000 	C:\WINDOWS\system32\GDI32.dll
0x00007ffaa4870000 - 0x00007ffaa4884000 	C:\WINDOWS\SYSTEM32\profapi.dll
0x00007ffaa2fa0000 - 0x00007ffaa303f000 	C:\WINDOWS\SYSTEM32\SHCORE.dll
0x00007ffaa7200000 - 0x00007ffaa7234000 	C:\WINDOWS\system32\IMM32.DLL
0x00007ffaa5720000 - 0x00007ffaa5859000 	C:\WINDOWS\system32\MSCTF.dll
0x00007ffaa26e0000 - 0x00007ffaa293a000 	C:\WINDOWS\WinSxS\amd64_microsoft.windows.common-controls_6595b64144ccf1df_6.0.9600.17031_none_6242a4b3ecbb55a1\COMCTL32.dll
0x0000000051f60000 - 0x0000000052032000 	C:\Program Files\Java\jre7\bin\msvcr100.dll
0x00000000527e0000 - 0x0000000052fb2000 	C:\Program Files\Java\jre7\bin\server\jvm.dll
0x00007ffa9d570000 - 0x00007ffa9d579000 	C:\WINDOWS\SYSTEM32\WSOCK32.dll
0x00007ffa9e8a0000 - 0x00007ffa9e8bf000 	C:\WINDOWS\SYSTEM32\WINMM.dll
0x00007ffaa53b0000 - 0x00007ffaa53b7000 	C:\WINDOWS\system32\PSAPI.DLL
0x00007ffaa4fb0000 - 0x00007ffaa5008000 	C:\WINDOWS\system32\WS2_32.dll
0x00007ffa9e850000 - 0x00007ffa9e87a000 	C:\WINDOWS\SYSTEM32\WINMMBASE.dll
0x00007ffaa5010000 - 0x00007ffaa5019000 	C:\WINDOWS\system32\NSI.dll
0x00007ffaa4c80000 - 0x00007ffaa4cca000 	C:\WINDOWS\SYSTEM32\cfgmgr32.dll
0x00007ffaa36f0000 - 0x00007ffaa3716000 	C:\WINDOWS\SYSTEM32\DEVOBJ.dll
0x00000000527d0000 - 0x00000000527df000 	C:\Program Files\Java\jre7\bin\verify.dll
0x00000000527a0000 - 0x00000000527c8000 	C:\Program Files\Java\jre7\bin\java.dll
0x0000000052780000 - 0x0000000052795000 	C:\Program Files\Java\jre7\bin\zip.dll

VM Arguments:
jvm_args: -Dfile.encoding=Cp1252 -Xbootclasspath:E:\lifetimes technology\adt-bundle-windows-x86_64-20140321\adt-bundle-windows-x86_64-20140321\sdk\platforms\android-17\android.jar 
java_command: com.googleplusfull.PlusSample
Launcher Type: SUN_STANDARD

Environment Variables:
JAVA_HOME="C:\Program Files\Java\jdk1.7.0_21"
PATH=C:\ManageEngine\NetFlow\Actian\VectorwiseVW\ingres\bin;C:\ManageEngine\NetFlow\Actian\VectorwiseVW\ingres\utility;C:\WINDOWS\system32;C:\WINDOWS;C:\WINDOWS\System32\Wbem;C:\WINDOWS\System32\WindowsPowerShell\v1.0\;C:\Program Files\Intel\WiFi\bin\;C:\Program Files\Common Files\Intel\WirelessCommon\;C:\Program Files\MySQL\MySQL Enterprise Backup 3.9.0\;C:\Program Files\Microsoft\Web Platform Installer\;C:\Program Files (x86)\Microsoft ASP.NET\ASP.NET Web Pages\v1.0\;C:\Program Files (x86)\Windows Kits\8.0\Windows Performance Toolkit\;C:\Program Files\Microsoft SQL Server\110\Tools\Binn\;C:\RailsInstaller\Git\cmd;C:\RailsInstaller\Ruby1.9.3\bin;C:\Program Files\Intel\WiFi\bin\;C:\Program Files\Common Files\Intel\WirelessCommon\;"C:\Program Files\Java\jdk1.7.0_21"\bin;.;
USERNAME=duy-kull
OS=Windows_NT
PROCESSOR_IDENTIFIER=Intel64 Family 6 Model 37 Stepping 5, GenuineIntel



---------------  S Y S T E M  ---------------

OS: Windows 8.1 , 64 bit Build 9600 

CPU:total 4 (2 cores per cpu, 2 threads per core) family 6 model 37 stepping 5, cmov, cx8, fxsr, mmx, sse, sse2, sse3, ssse3, sse4.1, sse4.2, popcnt, ht, tsc, tscinvbit

Memory: 4k page, physical 3988324k(297172k free), swap 9231204k(2460676k free)

vm_info: Java HotSpot(TM) 64-Bit Server VM (24.60-b09) for windows-amd64 JRE (1.7.0_60-b19), built on May  7 2014 12:55:18 by "java_re" with unknown MS VC++:1600

time: Fri Jul 25 13:01:22 2014
elapsed time: 0 seconds

